<?xml version="1.0" encoding="UTF-8"?>
<testsuite name="com.confluent.feedreader.UserControllerSpec" tests="1" skipped="0" failures="0" errors="0" timestamp="2016-05-30T20:31:15" hostname="suneels-MacBook-Pro.local" time="0.905">
  <properties/>
  <testcase name="test user feed subscription" classname="com.confluent.feedreader.UserControllerSpec" time="0.905"/>
  <system-out><![CDATA[]]></system-out>
  <system-err><![CDATA[]]></system-err>
</testsuite>
